<?xml version="1.0" encoding="UTF-8"?>
<testng-results skipped="0" failed="0" ignored="1" total="2" passed="1">
  <reporter-output>
  </reporter-output>
  <suite name="Default Suite" duration-ms="23" started-at="2025-05-28T15:36:00Z" finished-at="2025-05-28T15:36:00Z">
    <groups>
    </groups>
    <test name="DemoTest" duration-ms="23" started-at="2025-05-28T15:36:00Z" finished-at="2025-05-28T15:36:00Z">
      <class name="TestNGDemo">
        <test-method status="PASS" signature="openURL()[pri:0, instance:TestNGDemo@6f3187b0]" name="openURL" duration-ms="5" started-at="2025-05-28T15:36:00Z" finished-at="2025-05-28T15:36:00Z">
          <reporter-output>
          </reporter-output>
        </test-method> <!-- openURL -->
      </class> <!-- TestNGDemo -->
    </test> <!-- DemoTest -->
  </suite> <!-- Default Suite -->
</testng-results>
